[{"line":1,"elements":[{"start_timestamp":"2023-01-19T10:21:55.864Z","before":[{"result":{"duration":6449424600,"status":"passed"},"match":{"location":"stepDefinition.Hooks.beforeEveryTest()"}}],"line":4,"name":"test simple","description":"","id":"test-login;test-simple","after":[{"result":{"duration":1355418500,"status":"passed"},"match":{"location":"stepDefinition.Hooks.afterEveryTest()"}}],"type":"scenario","keyword":"Scenario","steps":[{"result":{"duration":78584100,"status":"passed"},"line":5,"name":"I go to the app","match":{"location":"stepDefinition.LoginSteps.openSite()"},"keyword":"Given "},{"result":{"duration":25671007300,"status":"passed"},"line":6,"name":"I add \"tier_2.buyer@test.com\" and \"Thinkbigger12!\"","match":{"arguments":[{"val":"\"tier_2.buyer@test.com\"","offset":6},{"val":"\"Thinkbigger12!\"","offset":34}],"location":"stepDefinition.LoginSteps.iAddAnd(java.lang.String,java.lang.String)"},"keyword":"When "},{"result":{"duration":1712279500,"status":"passed"},"line":7,"name":"click on login","match":{"location":"stepDefinition.LoginSteps.clickOnLogin()"},"keyword":"And "}],"tags":[{"name":"@CoinHouse"}]},{"start_timestamp":"2023-01-19T10:22:31.214Z","before":[{"result":{"duration":2781167800,"status":"passed"},"match":{"location":"stepDefinition.Hooks.beforeEveryTest()"}}],"line":10,"name":"test simple","description":"","id":"test-login;test-simple","after":[{"result":{"duration":894505500,"status":"passed"},"match":{"location":"stepDefinition.Hooks.afterEveryTest()"}}],"type":"scenario","keyword":"Scenario","steps":[{"result":{"duration":6044400,"status":"passed"},"line":11,"name":"I go to the app","match":{"location":"stepDefinition.LoginSteps.openSite()"},"keyword":"Given "},{"result":{"duration":23939449400,"status":"passed"},"line":12,"name":"I connect to the app","match":{"location":"stepDefinition.LoginSteps.iConnectToTheApp()"},"keyword":"When "}],"tags":[{"name":"@TestProrp"}]},{"start_timestamp":"2023-01-19T10:22:58.861Z","before":[{"result":{"duration":2608142200,"status":"passed"},"match":{"location":"stepDefinition.Hooks.beforeEveryTest()"}}],"line":23,"name":"","description":"","id":"test-login;;;2","after":[{"result":{"duration":1793282400,"status":"passed"},"match":{"location":"stepDefinition.Hooks.afterEveryTest()"}}],"type":"scenario","keyword":"Scenario Outline","steps":[{"result":{"duration":1615286500,"status":"passed"},"line":16,"name":"I open the site","match":{"location":"stepDefinition.LoginSteps.iOpenTheSite()"},"keyword":"Given "},{"result":{"duration":217955700,"status":"passed"},"line":17,"name":"I add text  \"aaaa\" and \"_bbbbb\"","match":{"arguments":[{"val":"\"aaaa\"","offset":12},{"val":"\"_bbbbb\"","offset":23}],"location":"stepDefinition.LoginSteps.iAddTextAnd(java.lang.String,java.lang.String)"},"keyword":"When "},{"result":{"error_message":"org.openqa.selenium.ElementClickInterceptedException: element click intercepted: Element <input class=\"gNO89b\" value=\"Recherche Google\" aria-label=\"Recherche Google\" name=\"btnK\" role=\"button\" tabindex=\"0\" type=\"submit\" data-ved=\"0ahUKEwj6ne2JtdP8AhWAU6QEHVyaAcIQ4dUDCA0\"> is not clickable at point (693, 327). Other element would receive the click: <b>...</b>\n  (Session info: chrome=108.0.5359.126)\nBuild info: version: '4.7.1', revision: 'c6795baf1a3'\nSystem info: os.name: 'Windows 10', os.arch: 'amd64', os.version: '10.0', java.version: '17.0.5'\nDriver info: org.openqa.selenium.chrome.ChromeDriver\nCommand: [ac8adf8579892aca763760786b530c6d, clickElement {id=06c834f7-cab4-4f0f-9e24-7dd4c9f34906}]\nCapabilities {acceptInsecureCerts: false, browserName: chrome, browserVersion: 108.0.5359.126, chrome: {chromedriverVersion: 108.0.5359.71 (1e0e3868ee06..., userDataDir: C:\\Users\\FAROUK~2\\AppData\\L...}, goog:chromeOptions: {debuggerAddress: localhost:59009}, networkConnectionEnabled: false, pageLoadStrategy: normal, platformName: WINDOWS, proxy: Proxy(), se:cdp: ws://localhost:59009/devtoo..., se:cdpVersion: 108.0.5359.126, setWindowRect: true, strictFileInteractability: false, timeouts: {implicit: 0, pageLoad: 300000, script: 30000}, unhandledPromptBehavior: dismiss and notify, webauthn:extension:credBlob: true, webauthn:extension:largeBlob: true, webauthn:virtualAuthenticators: true}\nElement: [[ChromeDriver: chrome on WINDOWS (ac8adf8579892aca763760786b530c6d)] -> xpath: (//*[@value='Recherche Google'  and @name='btnK'])[2]]\nSession ID: ac8adf8579892aca763760786b530c6d\r\n\tat java.base/jdk.internal.reflect.NativeConstructorAccessorImpl.newInstance0(Native Method)\r\n\tat java.base/jdk.internal.reflect.NativeConstructorAccessorImpl.newInstance(NativeConstructorAccessorImpl.java:77)\r\n\tat java.base/jdk.internal.reflect.DelegatingConstructorAccessorImpl.newInstance(DelegatingConstructorAccessorImpl.java:45)\r\n\tat java.base/java.lang.reflect.Constructor.newInstanceWithCaller(Constructor.java:499)\r\n\tat java.base/java.lang.reflect.Constructor.newInstance(Constructor.java:480)\r\n\tat org.openqa.selenium.remote.codec.w3c.W3CHttpResponseCodec.createException(W3CHttpResponseCodec.java:200)\r\n\tat org.openqa.selenium.remote.codec.w3c.W3CHttpResponseCodec.decode(W3CHttpResponseCodec.java:133)\r\n\tat org.openqa.selenium.remote.codec.w3c.W3CHttpResponseCodec.decode(W3CHttpResponseCodec.java:53)\r\n\tat org.openqa.selenium.remote.HttpCommandExecutor.execute(HttpCommandExecutor.java:184)\r\n\tat org.openqa.selenium.remote.service.DriverCommandExecutor.invokeExecute(DriverCommandExecutor.java:167)\r\n\tat org.openqa.selenium.remote.service.DriverCommandExecutor.execute(DriverCommandExecutor.java:142)\r\n\tat org.openqa.selenium.remote.RemoteWebDriver.execute(RemoteWebDriver.java:551)\r\n\tat org.openqa.selenium.remote.RemoteWebElement.execute(RemoteWebElement.java:257)\r\n\tat org.openqa.selenium.remote.RemoteWebElement.click(RemoteWebElement.java:78)\r\n\tat stepDefinition.LoginSteps.clicKSearch(LoginSteps.java:29)\r\n\tat ✽.I click on search(file:///C:/Users/FaroukSABBEK/OneDrive%20-%20Mobelite/Bureau/to%20merge%20again/SeleniumCucumberGeneratorReporter/src/test/java/features/login.feature:18)\r\n","duration":1274944000,"status":"failed"},"line":18,"name":"I click on search","match":{"location":"stepDefinition.LoginSteps.clicKSearch()"},"keyword":"And "}],"tags":[{"name":"@Google"}]},{"start_timestamp":"2023-01-19T10:23:06.409Z","before":[{"result":{"duration":2783335900,"status":"passed"},"match":{"location":"stepDefinition.Hooks.beforeEveryTest()"}}],"line":24,"name":"","description":"","id":"test-login;;;3","after":[{"result":{"duration":574425100,"status":"passed"},"match":{"location":"stepDefinition.Hooks.afterEveryTest()"}}],"type":"scenario","keyword":"Scenario Outline","steps":[{"result":{"duration":1602373000,"status":"passed"},"line":16,"name":"I open the site","match":{"location":"stepDefinition.LoginSteps.iOpenTheSite()"},"keyword":"Given "},{"result":{"duration":355928000,"status":"passed"},"line":17,"name":"I add text  \"ccccc\" and \"_ddddd\"","match":{"arguments":[{"val":"\"ccccc\"","offset":12},{"val":"\"_ddddd\"","offset":24}],"location":"stepDefinition.LoginSteps.iAddTextAnd(java.lang.String,java.lang.String)"},"keyword":"When "},{"result":{"error_message":"org.openqa.selenium.ElementClickInterceptedException: element click intercepted: Element <input class=\"gNO89b\" value=\"Recherche Google\" aria-label=\"Recherche Google\" name=\"btnK\" role=\"button\" tabindex=\"0\" type=\"submit\" data-ved=\"0ahUKEwjujsWNtdP8AhVOa6QEHakUDY0Q4dUDCA0\"> is not clickable at point (693, 327). Other element would receive the click: <center>...</center>\n  (Session info: chrome=108.0.5359.126)\nBuild info: version: '4.7.1', revision: 'c6795baf1a3'\nSystem info: os.name: 'Windows 10', os.arch: 'amd64', os.version: '10.0', java.version: '17.0.5'\nDriver info: org.openqa.selenium.chrome.ChromeDriver\nCommand: [8b45bc197874c0863297e98cbc171d1c, clickElement {id=89e5b728-b01d-40d7-a06e-58afcad6c3da}]\nCapabilities {acceptInsecureCerts: false, browserName: chrome, browserVersion: 108.0.5359.126, chrome: {chromedriverVersion: 108.0.5359.71 (1e0e3868ee06..., userDataDir: C:\\Users\\FAROUK~2\\AppData\\L...}, goog:chromeOptions: {debuggerAddress: localhost:50609}, networkConnectionEnabled: false, pageLoadStrategy: normal, platformName: WINDOWS, proxy: Proxy(), se:cdp: ws://localhost:50609/devtoo..., se:cdpVersion: 108.0.5359.126, setWindowRect: true, strictFileInteractability: false, timeouts: {implicit: 0, pageLoad: 300000, script: 30000}, unhandledPromptBehavior: dismiss and notify, webauthn:extension:credBlob: true, webauthn:extension:largeBlob: true, webauthn:virtualAuthenticators: true}\nElement: [[ChromeDriver: chrome on WINDOWS (8b45bc197874c0863297e98cbc171d1c)] -> xpath: (//*[@value='Recherche Google'  and @name='btnK'])[2]]\nSession ID: 8b45bc197874c0863297e98cbc171d1c\r\n\tat java.base/jdk.internal.reflect.NativeConstructorAccessorImpl.newInstance0(Native Method)\r\n\tat java.base/jdk.internal.reflect.NativeConstructorAccessorImpl.newInstance(NativeConstructorAccessorImpl.java:77)\r\n\tat java.base/jdk.internal.reflect.DelegatingConstructorAccessorImpl.newInstance(DelegatingConstructorAccessorImpl.java:45)\r\n\tat java.base/java.lang.reflect.Constructor.newInstanceWithCaller(Constructor.java:499)\r\n\tat java.base/java.lang.reflect.Constructor.newInstance(Constructor.java:480)\r\n\tat org.openqa.selenium.remote.codec.w3c.W3CHttpResponseCodec.createException(W3CHttpResponseCodec.java:200)\r\n\tat org.openqa.selenium.remote.codec.w3c.W3CHttpResponseCodec.decode(W3CHttpResponseCodec.java:133)\r\n\tat org.openqa.selenium.remote.codec.w3c.W3CHttpResponseCodec.decode(W3CHttpResponseCodec.java:53)\r\n\tat org.openqa.selenium.remote.HttpCommandExecutor.execute(HttpCommandExecutor.java:184)\r\n\tat org.openqa.selenium.remote.service.DriverCommandExecutor.invokeExecute(DriverCommandExecutor.java:167)\r\n\tat org.openqa.selenium.remote.service.DriverCommandExecutor.execute(DriverCommandExecutor.java:142)\r\n\tat org.openqa.selenium.remote.RemoteWebDriver.execute(RemoteWebDriver.java:551)\r\n\tat org.openqa.selenium.remote.RemoteWebElement.execute(RemoteWebElement.java:257)\r\n\tat org.openqa.selenium.remote.RemoteWebElement.click(RemoteWebElement.java:78)\r\n\tat stepDefinition.LoginSteps.clicKSearch(LoginSteps.java:29)\r\n\tat ✽.I click on search(file:///C:/Users/FaroukSABBEK/OneDrive%20-%20Mobelite/Bureau/to%20merge%20again/SeleniumCucumberGeneratorReporter/src/test/java/features/login.feature:18)\r\n","duration":1285915200,"status":"failed"},"line":18,"name":"I click on search","match":{"location":"stepDefinition.LoginSteps.clicKSearch()"},"keyword":"And "}],"tags":[{"name":"@Google"}]}],"name":"test login","description":"","id":"test-login","keyword":"Feature","uri":"file:src/test/java/features/login.feature","tags":[]}]